Arguments: 
  C:\Program Files\nodejs\node.exe C:\Users\Anas\AppData\Roaming\npm\node_modules\yarn\bin\yarn.js add react-native-multiple-select

PATH: 
  C:\Program Files\Microsoft MPI\Bin\;C:\Program Files\Common Files\Oracle\Java\javapath;C:\Windows\system32;C:\Windows;C:\Windows\System32\Wbem;C:\Windows\System32\WindowsPowerShell\v1.0\;C:\Windows\System32\OpenSSH\;C:\Program Files\nodejs\;C:\Program Files\Git\cmd;C:\Program Files\PostgreSQL\15\bin;C:\Program Files\Microsoft SQL Server\Client SDK\ODBC\170\Tools\Binn\;C:\Program Files (x86)\Microsoft SQL Server\160\Tools\Binn\;C:\Program Files\Microsoft SQL Server\160\Tools\Binn\;C:\Program Files\Microsoft SQL Server\160\DTS\Binn\;C:\Program Files\Cloudflare\Cloudflare WARP\;C:\Users\Anas\Downloads\apache-maven-3.9.6-bin\apache-maven-3.9.6\bin;C:\Users\Anas\AppData\Local\Microsoft\WindowsApps;C:\Users\Anas\AppData\Local\Programs\Microsoft VS Code\bin;C:\Users\Anas\AppData\Local\GitHubDesktop\bin;C:\Users\Anas\AppData\Roaming\npm;C:\Users\Anas\AppData\Local\Android\Sdk\platform-tools\;C:\Program Files\PostgreSQL\15\bin;C:\Program Files\Azure Data Studio\bin

Yarn version: 
  1.22.19

Node version: 
  18.16.0

Platform: 
  win32 x64

Trace: 
  Error: EPERM: operation not permitted, unlink 'C:\Users\Anas\Documents\GitHub\Al-Tabib-Connect-Doctor\node_modules\@esbuild\win32-x64\esbuild.exe'

npm manifest: 
  {
    "name": "Al-Tabib-Connect-Doctor",
    "version": "1.0.0",
    "scripts": {
      "android": "expo start --android",
      "format": "eslint \"**/*.{js,jsx,ts,tsx}\" --fix && prettier \"**/*.{js,jsx,ts,tsx,json}\" --write",
      "ios": "expo start --ios",
      "start": "expo start",
      "web": "expo start --web"
    },
    "dependencies": {
      "@expo/vector-icons": "^14.0.0",
      "@react-navigation/bottom-tabs": "^6.5.8",
      "@react-navigation/drawer": "^6.6.6",
      "@react-navigation/native": "^6.1.7",
      "@tamagui/font-inter": "1.74.8",
      "@tamagui/react-native-media-driver": "1.74.8",
      "@tamagui/shorthands": "1.74.8",
      "@tamagui/themes": "1.74.8",
      "@types/react-native-snap-carousel": "^3.8.10",
      "axios": "^1.6.7",
      "expo": "~50.0.5",
      "expo-app-loading": "^2.1.1",
      "expo-blur": "^12.9.1",
      "expo-constants": "~15.4.5",
      "expo-font": "~11.10.2",
      "expo-linear-gradient": "^12.7.1",
      "expo-linking": "~6.2.2",
      "expo-router": "^3.4.6",
      "expo-secure-store": "^12.8.1",
      "expo-status-bar": "~1.11.1",
      "expo-system-ui": "~2.9.3",
      "expo-web-browser": "~12.8.2",
      "react": "18.2.0",
      "react-dom": "18.2.0",
      "react-native": "0.73.4",
      "react-native-alert-notification": "^0.4.0",
      "react-native-config": "^1.5.1",
      "react-native-gesture-handler": "~2.14.0",
      "react-native-progress": "^5.0.1",
      "react-native-reanimated": "~3.6.2",
      "react-native-safe-area-context": "^4.8.2",
      "react-native-screens": "~3.29.0",
      "react-native-snap-carousel": "^3.9.1",
      "react-native-svg": "^14.1.0",
      "react-native-ui-datepicker": "^2.0.0",
      "react-native-web": "~0.19.6",
      "react-redux": "^9.1.0",
      "react-spinners": "^0.13.8",
      "redux": "^5.0.1",
      "tamagui": "1.74.8"
    },
    "devDependencies": {
      "@babel/core": "^7.20.0",
      "@tamagui/babel-plugin": "1.74.8",
      "@types/react": "~18.2.14",
      "@typescript-eslint/eslint-plugin": "^6.7.2",
      "@typescript-eslint/parser": "^6.7.2",
      "eslint": "^8.50.0",
      "eslint-config-universe": "^12.0.0",
      "prettier": "^3.0.3",
      "typescript": "^5.1.3"
    },
    "eslintConfig": {
      "extends": "universe/native"
    },
    "resolutions": {
      "expo-modules-core": "~1.11.0"
    },
    "overrides": {
      "expo-modules-core": "~1.11.0"
    },
    "expo": {
      "install": {
        "exclude": [
          "react-native-safe-area-context"
        ]
      }
    },
    "private": true
  }

yarn manifest: 
  No manifest

Lockfile: 
  No lockfile
